[debug] [2021-11-17T19:46:02.048Z] ----------------------------------------------------------------------
[debug] [2021-11-17T19:46:02.050Z] Command:       /usr/local/bin/node /usr/local/bin/firebase serve --only hosting
[debug] [2021-11-17T19:46:02.051Z] CLI Version:   9.17.0
[debug] [2021-11-17T19:46:02.051Z] Platform:      darwin
[debug] [2021-11-17T19:46:02.051Z] Node Version:  v14.17.5
[debug] [2021-11-17T19:46:02.052Z] Time:          Wed Nov 17 2021 14:46:02 GMT-0500 (Eastern Standard Time)
[debug] [2021-11-17T19:46:02.052Z] ----------------------------------------------------------------------
[debug] 
[debug] [2021-11-17T19:46:02.101Z] > command requires scopes: ["email","openid","https://www.googleapis.com/auth/cloudplatformprojects.readonly","https://www.googleapis.com/auth/firebase","https://www.googleapis.com/auth/cloud-platform"]
[debug] [2021-11-17T19:46:02.101Z] > authorizing via signed-in user (andrewjbradt@gmail.com)
[debug] [2021-11-17T19:46:02.102Z] [iam] checking project friendly-chat-27fd4 for permissions ["firebase.projects.get"]
[debug] [2021-11-17T19:46:02.103Z] > refreshing access token with scopes: ["email","https://www.googleapis.com/auth/cloud-platform","https://www.googleapis.com/auth/cloudplatformprojects.readonly","https://www.googleapis.com/auth/firebase","openid"]
[debug] [2021-11-17T19:46:02.104Z] >>> HTTP REQUEST POST https://www.googleapis.com/oauth2/v3/token  
 <request body omitted>
[debug] [2021-11-17T19:46:02.266Z] <<< HTTP RESPONSE 200 {"pragma":"no-cache","expires":"Mon, 01 Jan 1990 00:00:00 GMT","date":"Wed, 17 Nov 2021 19:46:02 GMT","cache-control":"no-cache, no-store, max-age=0, must-revalidate","content-type":"application/json; charset=utf-8","vary":"X-Origin, Referer, Origin,Accept-Encoding","server":"scaffolding on HTTPServer2","x-xss-protection":"0","x-frame-options":"SAMEORIGIN","x-content-type-options":"nosniff","alt-svc":"h3=\":443\"; ma=2592000,h3-29=\":443\"; ma=2592000,h3-Q050=\":443\"; ma=2592000,h3-Q046=\":443\"; ma=2592000,h3-Q043=\":443\"; ma=2592000,quic=\":443\"; ma=2592000; v=\"46,43\"","accept-ranges":"none","transfer-encoding":"chunked"}
[debug] [2021-11-17T19:46:02.282Z] >>> HTTP REQUEST POST https://cloudresourcemanager.googleapis.com/v1/projects/friendly-chat-27fd4:testIamPermissions  
 {"permissions":["firebase.projects.get"]}
[debug] [2021-11-17T19:46:02.802Z] <<< HTTP RESPONSE 200 {"content-type":"application/json; charset=UTF-8","vary":"X-Origin, Referer, Origin,Accept-Encoding","date":"Wed, 17 Nov 2021 19:46:02 GMT","server":"ESF","cache-control":"private","x-xss-protection":"0","x-frame-options":"SAMEORIGIN","x-content-type-options":"nosniff","server-timing":"gfet4t7; dur=166","alt-svc":"h3=\":443\"; ma=2592000,h3-29=\":443\"; ma=2592000,h3-Q050=\":443\"; ma=2592000,h3-Q046=\":443\"; ma=2592000,h3-Q043=\":443\"; ma=2592000,quic=\":443\"; ma=2592000; v=\"46,43\"","accept-ranges":"none","transfer-encoding":"chunked"}
[debug] [2021-11-17T19:46:02.804Z] > refreshing access token with scopes: []
[debug] [2021-11-17T19:46:02.804Z] >>> HTTP REQUEST POST https://www.googleapis.com/oauth2/v3/token  
 <request body omitted>
[debug] [2021-11-17T19:46:02.916Z] <<< HTTP RESPONSE 200 {"date":"Wed, 17 Nov 2021 19:46:03 GMT","cache-control":"no-cache, no-store, max-age=0, must-revalidate","pragma":"no-cache","expires":"Mon, 01 Jan 1990 00:00:00 GMT","content-type":"application/json; charset=utf-8","vary":"X-Origin, Referer, Origin,Accept-Encoding","server":"scaffolding on HTTPServer2","x-xss-protection":"0","x-frame-options":"SAMEORIGIN","x-content-type-options":"nosniff","alt-svc":"h3=\":443\"; ma=2592000,h3-29=\":443\"; ma=2592000,h3-Q050=\":443\"; ma=2592000,h3-Q046=\":443\"; ma=2592000,h3-Q043=\":443\"; ma=2592000,quic=\":443\"; ma=2592000; v=\"46,43\"","accept-ranges":"none","transfer-encoding":"chunked"}
[debug] [2021-11-17T19:46:02.934Z] >>> [apiv2][query] GET https://firebase.googleapis.com/v1beta1/projects/friendly-chat-27fd4 [none]
[debug] [2021-11-17T19:46:03.217Z] <<< [apiv2][status] GET https://firebase.googleapis.com/v1beta1/projects/friendly-chat-27fd4 200
[debug] [2021-11-17T19:46:03.218Z] <<< [apiv2][body] GET https://firebase.googleapis.com/v1beta1/projects/friendly-chat-27fd4 {"projectId":"friendly-chat-27fd4","projectNumber":"1074294603048","displayName":"friendly chat","name":"projects/friendly-chat-27fd4","resources":{"hostingSite":"friendly-chat-27fd4","storageBucket":"friendly-chat-27fd4.appspot.com","locationId":"us-central"},"state":"ACTIVE"}
[debug] [2021-11-17T19:46:03.218Z] >>> [apiv2][query] GET https://firebasehosting.googleapis.com/v1beta1/projects/friendly-chat-27fd4/sites 
[debug] [2021-11-17T19:46:03.622Z] <<< [apiv2][status] GET https://firebasehosting.googleapis.com/v1beta1/projects/friendly-chat-27fd4/sites 200
[debug] [2021-11-17T19:46:03.622Z] <<< [apiv2][body] GET https://firebasehosting.googleapis.com/v1beta1/projects/friendly-chat-27fd4/sites {"sites":[{"name":"projects/1074294603048/sites/friendly-chat-27fd4","defaultUrl":"https://friendly-chat-27fd4.web.app","appId":"1:1074294603048:web:c8dba892668faee282641d","type":"DEFAULT_SITE"}]}
[debug] [2021-11-17T19:46:03.622Z] >>> [apiv2][query] GET https://firebase.googleapis.com/v1beta1/projects/friendly-chat-27fd4/webApps/1:1074294603048:web:c8dba892668faee282641d/config [none]
[debug] [2021-11-17T19:46:04.442Z] <<< [apiv2][status] GET https://firebase.googleapis.com/v1beta1/projects/friendly-chat-27fd4/webApps/1:1074294603048:web:c8dba892668faee282641d/config 200
[debug] [2021-11-17T19:46:04.443Z] <<< [apiv2][body] GET https://firebase.googleapis.com/v1beta1/projects/friendly-chat-27fd4/webApps/1:1074294603048:web:c8dba892668faee282641d/config {"projectId":"friendly-chat-27fd4","appId":"1:1074294603048:web:c8dba892668faee282641d","storageBucket":"friendly-chat-27fd4.appspot.com","locationId":"us-central","apiKey":"AIzaSyBb6JdYI3vAyniEeJKUxrcv7L05PXzJTAA","authDomain":"friendly-chat-27fd4.firebaseapp.com","messagingSenderId":"1074294603048"}
[info] i  hosting: Serving hosting files from: ./public {"metadata":{"emulator":{"name":"hosting"},"message":"Serving hosting files from: \u001b[1m./public\u001b[22m"}}
[info] ✔  hosting: Local server: http://localhost:5000 {"metadata":{"emulator":{"name":"hosting"},"message":"Local server: \u001b[4m\u001b[1mhttp://localhost:5000\u001b[22m\u001b[24m"}}
[info] i  hosting: 127.0.0.1 - - [17/Nov/2021:19:46:08 +0000] "GET / HTTP/1.1" 200 691 "-" "Mozilla/5.0 (Macintosh; Intel Mac OS X 10_15_7) AppleWebKit/537.36 (KHTML, like Gecko) Chrome/95.0.4638.69 Safari/537.36" {"metadata":{"emulator":{"name":"hosting"},"message":"127.0.0.1 - - [17/Nov/2021:19:46:08 +0000] \"GET / HTTP/1.1\" 200 691 \"-\" \"Mozilla/5.0 (Macintosh; Intel Mac OS X 10_15_7) AppleWebKit/537.36 (KHTML, like Gecko) Chrome/95.0.4638.69 Safari/537.36\""}}
[info] i  hosting: 127.0.0.1 - - [17/Nov/2021:19:46:08 +0000] "GET /scripts/main.js HTTP/1.1" 200 2230421 "http://localhost:5000/" "Mozilla/5.0 (Macintosh; Intel Mac OS X 10_15_7) AppleWebKit/537.36 (KHTML, like Gecko) Chrome/95.0.4638.69 Safari/537.36" {"metadata":{"emulator":{"name":"hosting"},"message":"127.0.0.1 - - [17/Nov/2021:19:46:08 +0000] \"GET /scripts/main.js HTTP/1.1\" 200 2230421 \"http://localhost:5000/\" \"Mozilla/5.0 (Macintosh; Intel Mac OS X 10_15_7) AppleWebKit/537.36 (KHTML, like Gecko) Chrome/95.0.4638.69 Safari/537.36\""}}
